
      ----------------
      Error, missing "<scully-content>" in route "/articles/this-is-my-first-post"
      without <scully-content> we can not render this route.
      Make sure it is in there, and not inside any conditionals (*ngIf)
      You can check this by opening "http://localhost:4200/articles/this-is-my-first-post"
      when you serve your app with ng serve and then in the browsers console run:
      document.querySelector('scully-content')
      ----------------
      

      ----------------
      Error, missing "<scully-content>" in route "/articles/2021-11-27-article"
      without <scully-content> we can not render this route.
      Make sure it is in there, and not inside any conditionals (*ngIf)
      You can check this by opening "http://localhost:4200/articles/2021-11-27-article"
      when you serve your app with ng serve and then in the browsers console run:
      document.querySelector('scully-content')
      ----------------
      
----------------------------------Using stored unhandled routes!.   To discover new routes in the angular app use "npm run scully -- --scanRoutes"----------------------------------




      ----------------
      Error, missing "<scully-content>" in route "/articles/this-is-my-first-post"
      without <scully-content> we can not render this route.
      Make sure it is in there, and not inside any conditionals (*ngIf)
      You can check this by opening "http://localhost:4200/articles/this-is-my-first-post"
      when you serve your app with ng serve and then in the browsers console run:
      document.querySelector('scully-content')
      ----------------
      

      ----------------
      Error, missing "<scully-content>" in route "/articles/2021-11-27-article"
      without <scully-content> we can not render this route.
      Make sure it is in there, and not inside any conditionals (*ngIf)
      You can check this by opening "http://localhost:4200/articles/2021-11-27-article"
      when you serve your app with ng serve and then in the browsers console run:
      document.querySelector('scully-content')
      ----------------
      
----------------------------------   To discover new routes in the angular app use "npm run scully -- --scanRoutes"Using stored unhandled routes!.----------------------------------




      ----------------
      Error, missing "<scully-content>" in route "/articles/2021-11-27-article"
      without <scully-content> we can not render this route.
      Make sure it is in there, and not inside any conditionals (*ngIf)
      You can check this by opening "http://localhost:4200/articles/2021-11-27-article"
      when you serve your app with ng serve and then in the browsers console run:
      document.querySelector('scully-content')
      ----------------
      

      ----------------
      Error, missing "<scully-content>" in route "/articles/this-is-my-first-post"
      without <scully-content> we can not render this route.
      Make sure it is in there, and not inside any conditionals (*ngIf)
      You can check this by opening "http://localhost:4200/articles/this-is-my-first-post"
      when you serve your app with ng serve and then in the browsers console run:
      document.querySelector('scully-content')
      ----------------
      
----------------------------------Using stored unhandled routes!.   To discover new routes in the angular app use "npm run scully -- --scanRoutes"----------------------------------



Using stored unhandled routes!.----------------------------------   To discover new routes in the angular app use "npm run scully -- --scanRoutes"----------------------------------



----------------------------------Using stored unhandled routes!.   To discover new routes in the angular app use "npm run scully -- --scanRoutes"----------------------------------



----------------------------------Using stored unhandled routes!.   To discover new routes in the angular app use "npm run scully -- --scanRoutes"----------------------------------



----------------------------------Using stored unhandled routes!.   To discover new routes in the angular app use "npm run scully -- --scanRoutes"----------------------------------



----------------------------------Using stored unhandled routes!.   To discover new routes in the angular app use "npm run scully -- --scanRoutes"----------------------------------



--------------------------------------------------------------------   To discover new routes in the angular app use "npm run scully -- --scanRoutes"Using stored unhandled routes!.



----------------------------------Using stored unhandled routes!.----------------------------------   To discover new routes in the angular app use "npm run scully -- --scanRoutes"



----------------------------------Using stored unhandled routes!.   To discover new routes in the angular app use "npm run scully -- --scanRoutes"----------------------------------



Using stored unhandled routes!.----------------------------------   To discover new routes in the angular app use "npm run scully -- --scanRoutes"----------------------------------



----------------------------------Using stored unhandled routes!.   To discover new routes in the angular app use "npm run scully -- --scanRoutes"----------------------------------



----------------------------------Using stored unhandled routes!.   To discover new routes in the angular app use "npm run scully -- --scanRoutes"----------------------------------



----------------------------------Using stored unhandled routes!.   To discover new routes in the angular app use "npm run scully -- --scanRoutes"----------------------------------



----------------------------------Using stored unhandled routes!.   To discover new routes in the angular app use "npm run scully -- --scanRoutes"----------------------------------



----------------------------------Using stored unhandled routes!.   To discover new routes in the angular app use "npm run scully -- --scanRoutes"----------------------------------



 The postProcessByDom plugin "footerPlugin has thrown the below error,
              while trying to render route "unknown"
              Scully will exitTypeError: Cannot read property 'author' of undefined

----------------------------------   To discover new routes in the angular app use "npm run scully -- --scanRoutes"Using stored unhandled routes!.----------------------------------



 The postProcessByDom plugin "footerPlugin has thrown the below error,
              while trying to render route "unknown"
              Scully will exitTypeError: Cannot read property 'author' of undefined

----------------------------------Using stored unhandled routes!.   To discover new routes in the angular app use "npm run scully -- --scanRoutes"----------------------------------



 The postProcessByDom plugin "footerPlugin has thrown the below error,
              while trying to render route "/about"
              Scully will exitTypeError: Cannot read property 'author' of undefined

----------------------------------Using stored unhandled routes!.   To discover new routes in the angular app use "npm run scully -- --scanRoutes"----------------------------------



   To discover new routes in the angular app use "npm run scully -- --scanRoutes"Using stored unhandled routes!.--------------------------------------------------------------------



----------------------------------Using stored unhandled routes!.   To discover new routes in the angular app use "npm run scully -- --scanRoutes"----------------------------------



Puppeteer error while rendering "/articles/angular-is-the-best-bro"
TimeoutError: Navigation timeout of 30000 ms exceeded
 we will retry rendering this page up to 3 times.
Puppeteer error while rendering "/about"
TimeoutError: Navigation timeout of 30000 ms exceeded
 we will retry rendering this page up to 3 times.Puppeteer error while rendering ""
TimeoutError: Navigation timeout of 30000 ms exceeded
 we will retry rendering this page up to 3 times.

Puppeteer error while rendering "/articles/angular-*ng-if-vs-hidden,-when-to-use-which_"
TimeoutError: Navigation timeout of 30000 ms exceeded
 we will retry rendering this page up to 3 times.
----------------------------------Using stored unhandled routes!.   To discover new routes in the angular app use "npm run scully -- --scanRoutes"----------------------------------



Using stored unhandled routes!.----------------------------------   To discover new routes in the angular app use "npm run scully -- --scanRoutes"----------------------------------



----------------------------------Using stored unhandled routes!.   To discover new routes in the angular app use "npm run scully -- --scanRoutes"----------------------------------



 The postProcessByDom plugin "footerPlugin has thrown the below error,
              while trying to render route "/articles/angular-is-the-best-bro"
              Scully will exitTypeError: Cannot set property 'innerHTML' of null

----------------------------------Using stored unhandled routes!.   To discover new routes in the angular app use "npm run scully -- --scanRoutes"----------------------------------



--------------------------------------------------------------------Using stored unhandled routes!.   To discover new routes in the angular app use "npm run scully -- --scanRoutes"



----------------------------------Using stored unhandled routes!.   To discover new routes in the angular app use "npm run scully -- --scanRoutes"----------------------------------



----------------------------------Using stored unhandled routes!.   To discover new routes in the angular app use "npm run scully -- --scanRoutes"----------------------------------



----------------------------------Using stored unhandled routes!.   To discover new routes in the angular app use "npm run scully -- --scanRoutes"----------------------------------



----------------------------------Using stored unhandled routes!.   To discover new routes in the angular app use "npm run scully -- --scanRoutes"----------------------------------



----------------------------------   To discover new routes in the angular app use "npm run scully -- --scanRoutes"Using stored unhandled routes!.----------------------------------



----------------------------------Using stored unhandled routes!.   To discover new routes in the angular app use "npm run scully -- --scanRoutes"----------------------------------



----------------------------------Using stored unhandled routes!.   To discover new routes in the angular app use "npm run scully -- --scanRoutes"----------------------------------



----------------------------------Using stored unhandled routes!.   To discover new routes in the angular app use "npm run scully -- --scanRoutes"----------------------------------



----------------------------------Using stored unhandled routes!.   To discover new routes in the angular app use "npm run scully -- --scanRoutes"----------------------------------



----------------------------------Using stored unhandled routes!.----------------------------------   To discover new routes in the angular app use "npm run scully -- --scanRoutes"



--------------------------------------------------------------------   To discover new routes in the angular app use "npm run scully -- --scanRoutes"Using stored unhandled routes!.



--------------------------------------------------------------------Using stored unhandled routes!.   To discover new routes in the angular app use "npm run scully -- --scanRoutes"



----------------------------------Using stored unhandled routes!.   To discover new routes in the angular app use "npm run scully -- --scanRoutes"----------------------------------



----------------------------------Using stored unhandled routes!.   To discover new routes in the angular app use "npm run scully -- --scanRoutes"----------------------------------



----------------------------------Using stored unhandled routes!.   To discover new routes in the angular app use "npm run scully -- --scanRoutes"----------------------------------



----------------------------------Using stored unhandled routes!.   To discover new routes in the angular app use "npm run scully -- --scanRoutes"----------------------------------



Using stored unhandled routes!.   To discover new routes in the angular app use "npm run scully -- --scanRoutes"--------------------------------------------------------------------



----------------------------------Using stored unhandled routes!.   To discover new routes in the angular app use "npm run scully -- --scanRoutes"----------------------------------



----------------------------------Using stored unhandled routes!.   To discover new routes in the angular app use "npm run scully -- --scanRoutes"----------------------------------



----------------------------------Using stored unhandled routes!.   To discover new routes in the angular app use "npm run scully -- --scanRoutes"----------------------------------



----------------------------------Using stored unhandled routes!.   To discover new routes in the angular app use "npm run scully -- --scanRoutes"----------------------------------



Using stored unhandled routes!.   To discover new routes in the angular app use "npm run scully -- --scanRoutes"--------------------------------------------------------------------



Using stored unhandled routes!.----------------------------------   To discover new routes in the angular app use "npm run scully -- --scanRoutes"----------------------------------



----------------------------------Using stored unhandled routes!.   To discover new routes in the angular app use "npm run scully -- --scanRoutes"----------------------------------



----------------------------------Using stored unhandled routes!.   To discover new routes in the angular app use "npm run scully -- --scanRoutes"----------------------------------



----------------------------------Using stored unhandled routes!.----------------------------------   To discover new routes in the angular app use "npm run scully -- --scanRoutes"



----------------------------------Using stored unhandled routes!.   To discover new routes in the angular app use "npm run scully -- --scanRoutes"----------------------------------



Using stored unhandled routes!.   To discover new routes in the angular app use "npm run scully -- --scanRoutes"--------------------------------------------------------------------



----------------------------------Using stored unhandled routes!.   To discover new routes in the angular app use "npm run scully -- --scanRoutes"----------------------------------



----------------------------------Using stored unhandled routes!.   To discover new routes in the angular app use "npm run scully -- --scanRoutes"----------------------------------



----------------------------------Using stored unhandled routes!.   To discover new routes in the angular app use "npm run scully -- --scanRoutes"----------------------------------



----------------------------------Using stored unhandled routes!.   To discover new routes in the angular app use "npm run scully -- --scanRoutes"----------------------------------



----------------------------------Using stored unhandled routes!.   To discover new routes in the angular app use "npm run scully -- --scanRoutes"----------------------------------



----------------------------------Using stored unhandled routes!.   To discover new routes in the angular app use "npm run scully -- --scanRoutes"----------------------------------



----------------------------------Using stored unhandled routes!.   To discover new routes in the angular app use "npm run scully -- --scanRoutes"----------------------------------



----------------------------------Using stored unhandled routes!.   To discover new routes in the angular app use "npm run scully -- --scanRoutes"----------------------------------



----------------------------------Using stored unhandled routes!.   To discover new routes in the angular app use "npm run scully -- --scanRoutes"----------------------------------



----------------------------------Using stored unhandled routes!.----------------------------------   To discover new routes in the angular app use "npm run scully -- --scanRoutes"



----------------------------------Using stored unhandled routes!.   To discover new routes in the angular app use "npm run scully -- --scanRoutes"----------------------------------



----------------------------------Using stored unhandled routes!.   To discover new routes in the angular app use "npm run scully -- --scanRoutes"----------------------------------



----------------------------------Using stored unhandled routes!.   To discover new routes in the angular app use "npm run scully -- --scanRoutes"----------------------------------



----------------------------------   To discover new routes in the angular app use "npm run scully -- --scanRoutes"----------------------------------Using stored unhandled routes!.



----------------------------------Using stored unhandled routes!.   To discover new routes in the angular app use "npm run scully -- --scanRoutes"----------------------------------



 The postProcessByDom plugin "quotePlugin has thrown the below error,
              while trying to render route "/articles/connect-direct"
              Scully will exitReferenceError: document is not defined

----------------------------------Using stored unhandled routes!.   To discover new routes in the angular app use "npm run scully -- --scanRoutes"----------------------------------



 The postProcessByDom plugin "quotePlugin has thrown the below error,
              while trying to render route "/articles/ftps"
              Scully will exitReferenceError: document is not defined

----------------------------------   To discover new routes in the angular app use "npm run scully -- --scanRoutes"Using stored unhandled routes!.----------------------------------



 The postProcessByDom plugin "quotePlugin has thrown the below error,
              while trying to render route "/articles/ftps"
              Scully will exitReferenceError: document is not defined----------------------------------Using stored unhandled routes!.   To discover new routes in the angular app use "npm run scully -- --scanRoutes"----------------------------------



 The postProcessByDom plugin "quotePlugin has thrown the below error,
              while trying to render route "/articles/ftps"
              Scully will exitReferenceError: document is not defined

----------------------------------Using stored unhandled routes!.   To discover new routes in the angular app use "npm run scully -- --scanRoutes"----------------------------------



 The postProcessByDom plugin "quotePlugin has thrown the below error,
              while trying to render route "/articles/ftps"
              Scully will exitReferenceError: document is not defined

----------------------------------Using stored unhandled routes!.   To discover new routes in the angular app use "npm run scully -- --scanRoutes"----------------------------------



 The postProcessByDom plugin "quotePlugin has thrown the below error,
              while trying to render route "/articles/ftps"
              Scully will exitReferenceError: document is not defined

----------------------------------   To discover new routes in the angular app use "npm run scully -- --scanRoutes"----------------------------------Using stored unhandled routes!.



--------------------------------------------------------------------   To discover new routes in the angular app use "npm run scully -- --scanRoutes"Using stored unhandled routes!.



 The postProcessByDom plugin "quotePlugin has thrown the below error,
              while trying to render route "/articles/connect-direct"
              Scully will exitReferenceError: document is not defined

----------------------------------   To discover new routes in the angular app use "npm run scully -- --scanRoutes"----------------------------------Using stored unhandled routes!.



----------------------------------Using stored unhandled routes!.   To discover new routes in the angular app use "npm run scully -- --scanRoutes"----------------------------------



 The postProcessByDom plugin "quotePlugin has thrown the below error,
              while trying to render route "/articles/ftps"
              Scully will exitReferenceError: document is not defined

----------------------------------Using stored unhandled routes!.----------------------------------   To discover new routes in the angular app use "npm run scully -- --scanRoutes"



 The postProcessByDom plugin "quotePlugin has thrown the below error,
              while trying to render route "/articles/ftps"
              Scully will exitReferenceError: document is not defined

----------------------------------Using stored unhandled routes!.   To discover new routes in the angular app use "npm run scully -- --scanRoutes"----------------------------------



 The postProcessByDom plugin "quotePlugin has thrown the below error,
              while trying to render route "/articles/connect-direct"
              Scully will exitReferenceError: document is not defined

----------------------------------Using stored unhandled routes!.   To discover new routes in the angular app use "npm run scully -- --scanRoutes"----------------------------------



----------------------------------Using stored unhandled routes!.   To discover new routes in the angular app use "npm run scully -- --scanRoutes"----------------------------------



----------------------------------Using stored unhandled routes!.   To discover new routes in the angular app use "npm run scully -- --scanRoutes"----------------------------------



----------------------------------Using stored unhandled routes!.----------------------------------   To discover new routes in the angular app use "npm run scully -- --scanRoutes"



----------------------------------Using stored unhandled routes!.   To discover new routes in the angular app use "npm run scully -- --scanRoutes"----------------------------------



--------------------------------------------------------------------   To discover new routes in the angular app use "npm run scully -- --scanRoutes"Using stored unhandled routes!.



----------------------------------Using stored unhandled routes!.   To discover new routes in the angular app use "npm run scully -- --scanRoutes"----------------------------------



----------------------------------   To discover new routes in the angular app use "npm run scully -- --scanRoutes"Using stored unhandled routes!.----------------------------------



----------------------------------Using stored unhandled routes!.   To discover new routes in the angular app use "npm run scully -- --scanRoutes"----------------------------------



 The postProcessByDom plugin "quotePlugin has thrown the below error,
              while trying to render route "/articles/an-introduction-to-cryptography!"
              Scully will exitTypeError: Cannot read property '1' of null

Using stored unhandled routes!.----------------------------------   To discover new routes in the angular app use "npm run scully -- --scanRoutes"----------------------------------



 The postProcessByDom plugin "quotePlugin has thrown the below error,
              while trying to render route "/articles/an-introduction-to-cryptography!"
              Scully will exitTypeError: Cannot read property '1' of null

----------------------------------Using stored unhandled routes!.   To discover new routes in the angular app use "npm run scully -- --scanRoutes"----------------------------------



 The postProcessByDom plugin "quotePlugin has thrown the below error,
              while trying to render route "/articles/an-introduction-to-cryptography!"
              Scully will exitTypeError: Cannot read property '1' of null

Using stored unhandled routes!.   To discover new routes in the angular app use "npm run scully -- --scanRoutes"--------------------------------------------------------------------



----------------------------------Using stored unhandled routes!.   To discover new routes in the angular app use "npm run scully -- --scanRoutes"----------------------------------



----------------------------------Using stored unhandled routes!.   To discover new routes in the angular app use "npm run scully -- --scanRoutes"----------------------------------



Using stored unhandled routes!.   To discover new routes in the angular app use "npm run scully -- --scanRoutes"--------------------------------------------------------------------



 The postProcessByDom plugin "quotePlugin has thrown the below error,
              while trying to render route "/articles/connect-direct"
              Scully will exitTypeError: Cannot read property 'length' of null

--------------------------------------------------------------------   To discover new routes in the angular app use "npm run scully -- --scanRoutes"Using stored unhandled routes!.



 The postProcessByDom plugin "quotePlugin has thrown the below error,
              while trying to render route "/articles/connect-direct"
              Scully will exitTypeError: Cannot read property 'length' of null

Using stored unhandled routes!.--------------------------------------------------------------------   To discover new routes in the angular app use "npm run scully -- --scanRoutes"



Using stored unhandled routes!.   To discover new routes in the angular app use "npm run scully -- --scanRoutes"--------------------------------------------------------------------



 The postProcessByDom plugin "quotePlugin has thrown the below error,
              while trying to render route "/articles/connect-direct"
              Scully will exitTypeError: Cannot read property 'length' of null

----------------------------------Using stored unhandled routes!.   To discover new routes in the angular app use "npm run scully -- --scanRoutes"----------------------------------



----------------------------------Using stored unhandled routes!.----------------------------------   To discover new routes in the angular app use "npm run scully -- --scanRoutes"



----------------------------------Using stored unhandled routes!.   To discover new routes in the angular app use "npm run scully -- --scanRoutes"----------------------------------



Using stored unhandled routes!.----------------------------------   To discover new routes in the angular app use "npm run scully -- --scanRoutes"----------------------------------



----------------------------------Using stored unhandled routes!.   To discover new routes in the angular app use "npm run scully -- --scanRoutes"----------------------------------



Using stored unhandled routes!.   To discover new routes in the angular app use "npm run scully -- --scanRoutes"----------------------------------


----------------------------------
Using stored unhandled routes!.   To discover new routes in the angular app use "npm run scully -- --scanRoutes"--------------------------------------------------------------------



Using stored unhandled routes!.   To discover new routes in the angular app use "npm run scully -- --scanRoutes"--------------------------------------------------------------------



----------------------------------Using stored unhandled routes!.   To discover new routes in the angular app use "npm run scully -- --scanRoutes"----------------------------------



----------------------------------Using stored unhandled routes!.   To discover new routes in the angular app use "npm run scully -- --scanRoutes"----------------------------------



----------------------------------Using stored unhandled routes!.   To discover new routes in the angular app use "npm run scully -- --scanRoutes"----------------------------------



----------------------------------Using stored unhandled routes!.   To discover new routes in the angular app use "npm run scully -- --scanRoutes"----------------------------------



----------------------------------   To discover new routes in the angular app use "npm run scully -- --scanRoutes"Using stored unhandled routes!.----------------------------------



----------------------------------Using stored unhandled routes!.   To discover new routes in the angular app use "npm run scully -- --scanRoutes"----------------------------------



----------------------------------   To discover new routes in the angular app use "npm run scully -- --scanRoutes"----------------------------------Using stored unhandled routes!.



----------------------------------Using stored unhandled routes!.   To discover new routes in the angular app use "npm run scully -- --scanRoutes"----------------------------------



Using stored unhandled routes!.   To discover new routes in the angular app use "npm run scully -- --scanRoutes"--------------------------------------------------------------------



----------------------------------Using stored unhandled routes!.   To discover new routes in the angular app use "npm run scully -- --scanRoutes"----------------------------------



----------------------------------Using stored unhandled routes!.   To discover new routes in the angular app use "npm run scully -- --scanRoutes"----------------------------------



----------------------------------Using stored unhandled routes!.   To discover new routes in the angular app use "npm run scully -- --scanRoutes"----------------------------------



----------------------------------Using stored unhandled routes!.   To discover new routes in the angular app use "npm run scully -- --scanRoutes"----------------------------------



----------------------------------Using stored unhandled routes!.   To discover new routes in the angular app use "npm run scully -- --scanRoutes"----------------------------------



----------------------------------Using stored unhandled routes!.   To discover new routes in the angular app use "npm run scully -- --scanRoutes"----------------------------------



----------------------------------Using stored unhandled routes!.   To discover new routes in the angular app use "npm run scully -- --scanRoutes"----------------------------------



Using stored unhandled routes!.----------------------------------   To discover new routes in the angular app use "npm run scully -- --scanRoutes"----------------------------------



----------------------------------Using stored unhandled routes!.   To discover new routes in the angular app use "npm run scully -- --scanRoutes"----------------------------------



Using stored unhandled routes!.--------------------------------------------------------------------   To discover new routes in the angular app use "npm run scully -- --scanRoutes"



----------------------------------   To discover new routes in the angular app use "npm run scully -- --scanRoutes"Using stored unhandled routes!.----------------------------------



Using stored unhandled routes!.   To discover new routes in the angular app use "npm run scully -- --scanRoutes"--------------------------------------------------------------------



----------------------------------   To discover new routes in the angular app use "npm run scully -- --scanRoutes"----------------------------------Using stored unhandled routes!.



Using stored unhandled routes!.----------------------------------   To discover new routes in the angular app use "npm run scully -- --scanRoutes"----------------------------------



----------------------------------Using stored unhandled routes!.   To discover new routes in the angular app use "npm run scully -- --scanRoutes"----------------------------------



----------------------------------Using stored unhandled routes!.----------------------------------   To discover new routes in the angular app use "npm run scully -- --scanRoutes"



----------------------------------   To discover new routes in the angular app use "npm run scully -- --scanRoutes"----------------------------------Using stored unhandled routes!.



Using stored unhandled routes!.   To discover new routes in the angular app use "npm run scully -- --scanRoutes"--------------------------------------------------------------------



----------------------------------Using stored unhandled routes!.   To discover new routes in the angular app use "npm run scully -- --scanRoutes"----------------------------------



----------------------------------Using stored unhandled routes!.   To discover new routes in the angular app use "npm run scully -- --scanRoutes"----------------------------------



----------------------------------Using stored unhandled routes!.   To discover new routes in the angular app use "npm run scully -- --scanRoutes"----------------------------------



----------------------------------Using stored unhandled routes!.   To discover new routes in the angular app use "npm run scully -- --scanRoutes"----------------------------------



----------------------------------Using stored unhandled routes!.   To discover new routes in the angular app use "npm run scully -- --scanRoutes"----------------------------------



--------------------------------------------------------------------Using stored unhandled routes!.   To discover new routes in the angular app use "npm run scully -- --scanRoutes"



----------------------------------Using stored unhandled routes!.   To discover new routes in the angular app use "npm run scully -- --scanRoutes"----------------------------------



----------------------------------Using stored unhandled routes!.   To discover new routes in the angular app use "npm run scully -- --scanRoutes"----------------------------------



----------------------------------Using stored unhandled routes!.   To discover new routes in the angular app use "npm run scully -- --scanRoutes"----------------------------------



----------------------------------Using stored unhandled routes!.   To discover new routes in the angular app use "npm run scully -- --scanRoutes"----------------------------------



----------------------------------Using stored unhandled routes!.   To discover new routes in the angular app use "npm run scully -- --scanRoutes"----------------------------------



----------------------------------Using stored unhandled routes!.   To discover new routes in the angular app use "npm run scully -- --scanRoutes"----------------------------------



----------------------------------Using stored unhandled routes!.   To discover new routes in the angular app use "npm run scully -- --scanRoutes"----------------------------------



Using stored unhandled routes!.   To discover new routes in the angular app use "npm run scully -- --scanRoutes"--------------------------------------------------------------------



----------------------------------Using stored unhandled routes!.   To discover new routes in the angular app use "npm run scully -- --scanRoutes"----------------------------------



Using stored unhandled routes!.--------------------------------------------------------------------   To discover new routes in the angular app use "npm run scully -- --scanRoutes"




      ----------------
      Error, missing "<scully-content>" in route "/articles/an-introduction-to-cryptography!"
      without <scully-content> we can not render this route.
      Make sure it is in there, and not inside any conditionals (*ngIf)
      You can check this by opening "http://localhost:4200/articles/an-introduction-to-cryptography!"
      when you serve your app with ng serve and then in the browsers console run:
      document.querySelector('scully-content')
      ----------------
       The postProcessByDom plugin "headerPlugin has thrown the below error,
              while trying to render route "/articles/an-introduction-to-cryptography!"
              Scully will exitTypeError: Cannot set property 'innerHTML' of null


----------------------------------Using stored unhandled routes!.   To discover new routes in the angular app use "npm run scully -- --scanRoutes"----------------------------------



----------------------------------Using stored unhandled routes!.   To discover new routes in the angular app use "npm run scully -- --scanRoutes"----------------------------------



----------------------------------Using stored unhandled routes!.   To discover new routes in the angular app use "npm run scully -- --scanRoutes"----------------------------------



----------------------------------Using stored unhandled routes!.   To discover new routes in the angular app use "npm run scully -- --scanRoutes"----------------------------------



----------------------------------Using stored unhandled routes!.   To discover new routes in the angular app use "npm run scully -- --scanRoutes"----------------------------------



----------------------------------Using stored unhandled routes!.   To discover new routes in the angular app use "npm run scully -- --scanRoutes"----------------------------------



----------------------------------Using stored unhandled routes!.----------------------------------   To discover new routes in the angular app use "npm run scully -- --scanRoutes"



----------------------------------Using stored unhandled routes!.   To discover new routes in the angular app use "npm run scully -- --scanRoutes"----------------------------------



----------------------------------Using stored unhandled routes!.   To discover new routes in the angular app use "npm run scully -- --scanRoutes"----------------------------------



--------------------------------------------------------------------   To discover new routes in the angular app use "npm run scully -- --scanRoutes"Using stored unhandled routes!.



----------------------------------Using stored unhandled routes!.   To discover new routes in the angular app use "npm run scully -- --scanRoutes"----------------------------------



----------------------------------Using stored unhandled routes!.   To discover new routes in the angular app use "npm run scully -- --scanRoutes"----------------------------------



----------------------------------Using stored unhandled routes!.   To discover new routes in the angular app use "npm run scully -- --scanRoutes"----------------------------------



----------------------------------Using stored unhandled routes!.   To discover new routes in the angular app use "npm run scully -- --scanRoutes"----------------------------------



----------------------------------Using stored unhandled routes!.   To discover new routes in the angular app use "npm run scully -- --scanRoutes"----------------------------------



----------------------------------Using stored unhandled routes!.   To discover new routes in the angular app use "npm run scully -- --scanRoutes"----------------------------------



Using stored unhandled routes!.--------------------------------------------------------------------   To discover new routes in the angular app use "npm run scully -- --scanRoutes"



----------------------------------Using stored unhandled routes!.   To discover new routes in the angular app use "npm run scully -- --scanRoutes"----------------------------------



----------------------------------Using stored unhandled routes!.   To discover new routes in the angular app use "npm run scully -- --scanRoutes"----------------------------------



----------------------------------Using stored unhandled routes!.   To discover new routes in the angular app use "npm run scully -- --scanRoutes"----------------------------------



----------------------------------Using stored unhandled routes!.   To discover new routes in the angular app use "npm run scully -- --scanRoutes"----------------------------------



----------------------------------Using stored unhandled routes!.   To discover new routes in the angular app use "npm run scully -- --scanRoutes"----------------------------------



----------------------------------Using stored unhandled routes!.   To discover new routes in the angular app use "npm run scully -- --scanRoutes"----------------------------------



----------------------------------Using stored unhandled routes!.   To discover new routes in the angular app use "npm run scully -- --scanRoutes"----------------------------------



----------------------------------Using stored unhandled routes!.   To discover new routes in the angular app use "npm run scully -- --scanRoutes"----------------------------------



----------------------------------Using stored unhandled routes!.   To discover new routes in the angular app use "npm run scully -- --scanRoutes"----------------------------------



----------------------------------Using stored unhandled routes!.   To discover new routes in the angular app use "npm run scully -- --scanRoutes"----------------------------------No configuration for route "topic/:id" found. Skipping




----------------------------------Using stored unhandled routes!.   To discover new routes in the angular app use "npm run scully -- --scanRoutes"----------------------------------No configuration for route "topic/:id" found. Skipping




Using stored unhandled routes!.----------------------------------   To discover new routes in the angular app use "npm run scully -- --scanRoutes"----------------------------------No configuration for route "topic/:id" found. Skipping




----------------------------------Using stored unhandled routes!.   To discover new routes in the angular app use "npm run scully -- --scanRoutes"----------------------------------No configuration for route "topic/:id" found. Skipping




----------------------------------   To discover new routes in the angular app use "npm run scully -- --scanRoutes"Using stored unhandled routes!.----------------------------------No configuration for route "topic/:id" found. Skipping




----------------------------------Using stored unhandled routes!.   To discover new routes in the angular app use "npm run scully -- --scanRoutes"----------------------------------No configuration for route "topic/:id" found. Skipping




----------------------------------Using stored unhandled routes!.   To discover new routes in the angular app use "npm run scully -- --scanRoutes"----------------------------------No configuration for route "topic/:id" found. Skipping




----------------------------------Using stored unhandled routes!.   To discover new routes in the angular app use "npm run scully -- --scanRoutes"----------------------------------No configuration for route "topic/:id" found. Skipping




----------------------------------Using stored unhandled routes!.   To discover new routes in the angular app use "npm run scully -- --scanRoutes"----------------------------------No configuration for route "topic/:id" found. Skipping




----------------------------------Using stored unhandled routes!.   To discover new routes in the angular app use "npm run scully -- --scanRoutes"----------------------------------No configuration for route "topic/:id" found. Skipping




----------------------------------Using stored unhandled routes!.   To discover new routes in the angular app use "npm run scully -- --scanRoutes"----------------------------------No configuration for route "topic/:id" found. Skipping




----------------------------------   To discover new routes in the angular app use "npm run scully -- --scanRoutes"----------------------------------Using stored unhandled routes!.No configuration for route "topic/:id" found. Skipping




----------------------------------Using stored unhandled routes!.   To discover new routes in the angular app use "npm run scully -- --scanRoutes"----------------------------------No configuration for route "topic/:id" found. Skipping




Using stored unhandled routes!.----------------------------------   To discover new routes in the angular app use "npm run scully -- --scanRoutes"----------------------------------No configuration for route "topic/:id" found. Skipping




--------------------------------------------------------------------Using stored unhandled routes!.   To discover new routes in the angular app use "npm run scully -- --scanRoutes"No configuration for route "topic/:id" found. Skipping




----------------------------------Using stored unhandled routes!.   To discover new routes in the angular app use "npm run scully -- --scanRoutes"----------------------------------No configuration for route "topic/:id" found. Skipping




----------------------------------Using stored unhandled routes!.   To discover new routes in the angular app use "npm run scully -- --scanRoutes"----------------------------------No configuration for route "topic/:id" found. Skipping




----------------------------------Using stored unhandled routes!.   To discover new routes in the angular app use "npm run scully -- --scanRoutes"----------------------------------No configuration for route "topic/:id" found. Skipping




----------------------------------Using stored unhandled routes!.   To discover new routes in the angular app use "npm run scully -- --scanRoutes"----------------------------------No configuration for route "topic/:id" found. Skipping




--------------------------------------------------------------------   To discover new routes in the angular app use "npm run scully -- --scanRoutes"Using stored unhandled routes!.No configuration for route "topic/:id" found. Skipping




 The postProcessByDom plugin "headerPlugin has thrown the below error,
              while trying to render route "/articles/angular-is-the-best-bro"
              Scully will exitTypeError: Cannot set property 'innerHTML' of null

----------------------------------Using stored unhandled routes!.   To discover new routes in the angular app use "npm run scully -- --scanRoutes"----------------------------------No configuration for route "topic/:id" found. Skipping




----------------------------------Using stored unhandled routes!.   To discover new routes in the angular app use "npm run scully -- --scanRoutes"----------------------------------No configuration for route "topic/:id" found. Skipping




----------------------------------Using stored unhandled routes!.   To discover new routes in the angular app use "npm run scully -- --scanRoutes"----------------------------------No configuration for route "topic/:id" found. Skipping




----------------------------------Using stored unhandled routes!.   To discover new routes in the angular app use "npm run scully -- --scanRoutes"----------------------------------No configuration for route "topic/:id" found. Skipping




--------------------------------------------------------------------   To discover new routes in the angular app use "npm run scully -- --scanRoutes"Using stored unhandled routes!.No configuration for route "topic/:id" found. Skipping




--------------------------------------------------------------------Using stored unhandled routes!.   To discover new routes in the angular app use "npm run scully -- --scanRoutes"No configuration for route "topic/:id" found. Skipping




----------------------------------Using stored unhandled routes!.   To discover new routes in the angular app use "npm run scully -- --scanRoutes"----------------------------------No configuration for route "topic/:id" found. Skipping




----------------------------------Using stored unhandled routes!.   To discover new routes in the angular app use "npm run scully -- --scanRoutes"----------------------------------No configuration for route "topic/:id" found. Skipping




 The postProcessByDom plugin "headerPlugin has thrown the below error,
              while trying to render route "/articles/an-introduction-to-cryptography!"
              Scully will exitTypeError: Cannot set property 'innerHTML' of null

----------------------------------   To discover new routes in the angular app use "npm run scully -- --scanRoutes"Using stored unhandled routes!.----------------------------------No configuration for route "topic/:id" found. Skipping




 The postProcessByDom plugin "headerPlugin has thrown the below error,
              while trying to render route "/articles/an-introduction-to-cryptography!"
              Scully will exitTypeError: Cannot read property 'innerHTML' of null

--------------------------------------------------------------------   To discover new routes in the angular app use "npm run scully -- --scanRoutes"Using stored unhandled routes!.No configuration for route "topic/:id" found. Skipping




 The postProcessByDom plugin "headerPlugin has thrown the below error,
              while trying to render route "/articles/angular-*ng-if-vs-hidden,-when-to-use-which_"
              Scully will exitTypeError: Cannot set property 'innerHTML' of null

----------------------------------Using stored unhandled routes!.   To discover new routes in the angular app use "npm run scully -- --scanRoutes"----------------------------------No configuration for route "topic/:id" found. Skipping




 The postProcessByDom plugin "headerPlugin has thrown the below error,
              while trying to render route "/articles/angular-is-the-best-bro"
              Scully will exitTypeError: Cannot set property 'innerHTML' of null

Using stored unhandled routes!.--------------------------------------------------------------------   To discover new routes in the angular app use "npm run scully -- --scanRoutes"No configuration for route "topic/:id" found. Skipping




 The postProcessByDom plugin "headerPlugin has thrown the below error,
              while trying to render route "/articles/angular-*ng-if-vs-hidden,-when-to-use-which_"
              Scully will exitTypeError: Cannot set property 'innerHTML' of null

----------------------------------Using stored unhandled routes!.   To discover new routes in the angular app use "npm run scully -- --scanRoutes"----------------------------------No configuration for route "topic/:id" found. Skipping




 The postProcessByDom plugin "headerPlugin has thrown the below error,
              while trying to render route "/articles/angular-*ng-if-vs-hidden,-when-to-use-which_"
              Scully will exitTypeError: Cannot read property 'innerHTML' of null

----------------------------------Using stored unhandled routes!.   To discover new routes in the angular app use "npm run scully -- --scanRoutes"----------------------------------No configuration for route "topic/:id" found. Skipping




----------------------------------Using stored unhandled routes!.   To discover new routes in the angular app use "npm run scully -- --scanRoutes"----------------------------------No configuration for route "topic/:id" found. Skipping




 The postProcessByDom plugin "headerPlugin has thrown the below error,
              while trying to render route "/articles/an-introduction-to-cryptography!"
              Scully will exitTypeError: Cannot set property 'innerHTML' of null

----------------------------------Using stored unhandled routes!.   To discover new routes in the angular app use "npm run scully -- --scanRoutes"----------------------------------No configuration for route "topic/:id" found. Skipping




----------------------------------Using stored unhandled routes!.   To discover new routes in the angular app use "npm run scully -- --scanRoutes"----------------------------------No configuration for route "topic/:id" found. Skipping




 The postProcessByDom plugin "headerPlugin has thrown the below error,
              while trying to render route "/articles/angular-is-the-best-bro"
              Scully will exitTypeError: Cannot set property 'innerHTML' of null

----------------------------------Using stored unhandled routes!.   To discover new routes in the angular app use "npm run scully -- --scanRoutes"----------------------------------No configuration for route "topic/:id" found. Skipping




 The postProcessByDom plugin "headerPlugin has thrown the below error,
              while trying to render route "/articles/angular-is-the-best-bro"
              Scully will exitTypeError: Cannot set property 'innerHTML' of null

----------------------------------Using stored unhandled routes!.   To discover new routes in the angular app use "npm run scully -- --scanRoutes"----------------------------------No configuration for route "topic/:id" found. Skipping




 The postProcessByDom plugin "headerPlugin has thrown the below error,
              while trying to render route "/articles/angular-is-the-best-bro"
              Scully will exitTypeError: Cannot read property 'innerHTML' of null

----------------------------------Using stored unhandled routes!.   To discover new routes in the angular app use "npm run scully -- --scanRoutes"----------------------------------No configuration for route "topic/:id" found. Skipping




----------------------------------Using stored unhandled routes!.   To discover new routes in the angular app use "npm run scully -- --scanRoutes"----------------------------------No configuration for route "topic/:id" found. Skipping




----------------------------------   To discover new routes in the angular app use "npm run scully -- --scanRoutes"----------------------------------Using stored unhandled routes!.No configuration for route "topic/:id" found. Skipping




----------------------------------Using stored unhandled routes!.   To discover new routes in the angular app use "npm run scully -- --scanRoutes"----------------------------------No configuration for route "topic/:id" found. Skipping




Puppeteer error while rendering ""
TimeoutError: Navigation timeout of 30000 ms exceeded
 we will retry rendering this page up to 3 times.Puppeteer error while rendering "/articles/angular-*ng-if-vs-hidden,-when-to-use-which_"
TimeoutError: Navigation timeout of 30000 ms exceeded
 we will retry rendering this page up to 3 times.

----------------------------------Using stored unhandled routes!.   To discover new routes in the angular app use "npm run scully -- --scanRoutes"----------------------------------No configuration for route "topic/:id" found. Skipping




----------------------------------Using stored unhandled routes!.   To discover new routes in the angular app use "npm run scully -- --scanRoutes"----------------------------------No configuration for route "topic/:id" found. Skipping




----------------------------------Using stored unhandled routes!.   To discover new routes in the angular app use "npm run scully -- --scanRoutes"----------------------------------No configuration for route "topic/:id" found. Skipping




----------------------------------Using stored unhandled routes!.----------------------------------   To discover new routes in the angular app use "npm run scully -- --scanRoutes"No configuration for route "topic/:id" found. Skipping




----------------------------------Using stored unhandled routes!.   To discover new routes in the angular app use "npm run scully -- --scanRoutes"----------------------------------No configuration for route "topic/:id" found. Skipping




Using stored unhandled routes!.----------------------------------   To discover new routes in the angular app use "npm run scully -- --scanRoutes"----------------------------------No configuration for route "topic/:id" found. Skipping




----------------------------------Using stored unhandled routes!.   To discover new routes in the angular app use "npm run scully -- --scanRoutes"----------------------------------No configuration for route "topic/:id" found. Skipping




----------------------------------Using stored unhandled routes!.   To discover new routes in the angular app use "npm run scully -- --scanRoutes"----------------------------------No configuration for route "topic/:id" found. Skipping




----------------------------------Using stored unhandled routes!.   To discover new routes in the angular app use "npm run scully -- --scanRoutes"----------------------------------No configuration for route "topic/:id" found. Skipping




----------------------------------   To discover new routes in the angular app use "npm run scully -- --scanRoutes"----------------------------------Using stored unhandled routes!.No configuration for route "topic/:id" found. Skipping




----------------------------------Using stored unhandled routes!.   To discover new routes in the angular app use "npm run scully -- --scanRoutes"----------------------------------No configuration for route "topic/:id" found. Skipping




